Il processo non può accedere al file 'E:\Giochi\Pokemon d'Avack\tmp\indexedelimarta.png' perché è in uso da un altro processo.
   in System.IO.__Error.WinIOError(Int32 errorCode, String maybeFullPath)
   in System.IO.FileStream.Init(String path, FileMode mode, FileAccess access, Int32 rights, Boolean useRights, FileShare share, Int32 bufferSize, FileOptions options, SECURITY_ATTRIBUTES secAttrs, String msgPath, Boolean bFromProxy, Boolean useLongPath, Boolean checkHost)
   in System.IO.FileStream..ctor(String path, FileMode mode, FileAccess access, FileShare share)
   in System.IO.File.Open(String path, FileMode mode, FileAccess access, FileShare share)
   in HavenSoft.HexManiac.WPF.Implementations.WindowsFileSystem.LoadImage()
   in HavenSoft.HexManiac.Core.ViewModels.Tools.SpriteTool.ImportSpriteAndPalette(IFileSystem fileSystem)
   in HavenSoft.HexManiac.Core.ViewModels.Tools.SpriteTool.<.ctor>b__76_6(Object arg)
   in System.Windows.Input.StubCommand.System.Windows.Input.ICommand.Execute(Object parameter)
   in MS.Internal.Commands.CommandHelpers.CriticalExecuteCommandSource(ICommandSource commandSource, Boolean userInitiated)
   in System.Windows.Controls.Primitives.ButtonBase.OnClick()
   in System.Windows.Controls.Button.OnClick()
   in System.Windows.Controls.Primitives.ButtonBase.OnMouseLeftButtonUp(MouseButtonEventArgs e)
   in System.Windows.UIElement.OnMouseLeftButtonUpThunk(Object sender, MouseButtonEventArgs e)
   in System.Windows.Input.MouseButtonEventArgs.InvokeEventHandler(Delegate genericHandler, Object genericTarget)
   in System.Windows.RoutedEventArgs.InvokeHandler(Delegate handler, Object target)
   in System.Windows.RoutedEventHandlerInfo.InvokeHandler(Object target, RoutedEventArgs routedEventArgs)
   in System.Windows.EventRoute.InvokeHandlersImpl(Object source, RoutedEventArgs args, Boolean reRaised)
   in System.Windows.UIElement.ReRaiseEventAs(DependencyObject sender, RoutedEventArgs args, RoutedEvent newEvent)
   in System.Windows.UIElement.OnMouseUpThunk(Object sender, MouseButtonEventArgs e)
   in System.Windows.Input.MouseButtonEventArgs.InvokeEventHandler(Delegate genericHandler, Object genericTarget)
   in System.Windows.RoutedEventArgs.InvokeHandler(Delegate handler, Object target)
   in System.Windows.RoutedEventHandlerInfo.InvokeHandler(Object target, RoutedEventArgs routedEventArgs)
   in System.Windows.EventRoute.InvokeHandlersImpl(Object source, RoutedEventArgs args, Boolean reRaised)
   in System.Windows.UIElement.RaiseEventImpl(DependencyObject sender, RoutedEventArgs args)
   in System.Windows.UIElement.RaiseTrustedEvent(RoutedEventArgs args)
   in System.Windows.UIElement.RaiseEvent(RoutedEventArgs args, Boolean trusted)
   in System.Windows.Input.InputManager.ProcessStagingArea()
   in System.Windows.Input.InputManager.ProcessInput(InputEventArgs input)
   in System.Windows.Input.InputProviderSite.ReportInput(InputReport inputReport)
   in System.Windows.Interop.HwndMouseInputProvider.ReportInput(IntPtr hwnd, InputMode mode, Int32 timestamp, RawMouseActions actions, Int32 x, Int32 y, Int32 wheel)
   in System.Windows.Interop.HwndMouseInputProvider.FilterMessage(IntPtr hwnd, WindowMessage msg, IntPtr wParam, IntPtr lParam, Boolean& handled)
   in System.Windows.Interop.HwndSource.InputFilterMessage(IntPtr hwnd, Int32 msg, IntPtr wParam, IntPtr lParam, Boolean& handled)
   in MS.Win32.HwndWrapper.WndProc(IntPtr hwnd, Int32 msg, IntPtr wParam, IntPtr lParam, Boolean& handled)
   in MS.Win32.HwndSubclass.DispatcherCallbackOperation(Object o)
   in System.Windows.Threading.ExceptionWrapper.InternalRealCall(Delegate callback, Object args, Int32 numArgs)
   in System.Windows.Threading.ExceptionWrapper.TryCatchWhen(Object source, Delegate callback, Object args, Int32 numArgs, Delegate catchHandler)